<?xml version="1.0" encoding="UTF-8"?>
<!-- Generated by org.testng.reporters.JUnitReportReporter -->
<testsuite hostname="LAPTOP-8RNIT5HD" failures="1" tests="3" name="getFailedScenarioRunner.TestRunner" time="339.387" errors="0" timestamp="2023-11-29T12:35:37 IST" skipped="0">
  <testcase classname="getFailedScenarioRunner.TestRunner" name="runScenario" time="109.119"/>
  <system-out>
Launched Browser Text Entered Text Entered Clicked Clicked Clicked Clicked Text Entered Text Entered Clicked Clicked Clicked Clicked Browser Closed  </system-out>
  <testcase classname="getFailedScenarioRunner.TestRunner" name="runScenario" time="118.263">
    <failure message="expected [true] but found [false]" type="java.lang.AssertionError">
      <![CDATA[java.lang.AssertionError: expected [true] but found [false]
at org.testng.Assert.fail(Assert.java:97)
at org.testng.Assert.failNotEquals(Assert.java:969)
at org.testng.Assert.assertTrue(Assert.java:43)
at org.testng.Assert.assertTrue(Assert.java:53)
at stepDefinitions.VtigerCampaignTest.verify_that_all_the_created_campaigns_are_deleted(VtigerCampaignTest.java:97)
at ✽.Verify that all the created campaigns are deleted(file:///C:/Users/Admin/Desktop/JavaEclipse/CucumberBDD/./src/test/resources/Features/VtigerCampaign.feature:26)
]]>
    </failure>
  </testcase> <!-- runScenario -->
  <system-out>
Launched Browser Text Entered Text Entered Clicked Clicked Clicked Clicked Clicked Browser Closed Launched Browser Text Entered Text Entered Clicked Clicked Clicked Clicked Clicked Clicked Log : Browser closed  </system-out>
  <testcase classname="getFailedScenarioRunner.TestRunner" name="runScenario" time="112.005"/>
  <system-out>
Launched Browser Text Entered Text Entered Clicked Clicked Clicked Clicked Text Entered Text Entered Clicked Clicked Clicked Clicked Browser Closed  </system-out>
</testsuite> <!-- getFailedScenarioRunner.TestRunner -->
